<?xml version="1.0" encoding="UTF-8"?>
<testng-results skipped="0" failed="0" ignored="0" total="1" passed="1">
  <reporter-output>
  </reporter-output>
  <suite name="Default suite" duration-ms="72259" started-at="2022-11-18T19:41:58 IST" finished-at="2022-11-18T19:43:11 IST">
    <groups>
    </groups>
    <test name="Default test" duration-ms="72259" started-at="2022-11-18T19:41:58 IST" finished-at="2022-11-18T19:43:11 IST">
      <class name="SeleniumGrid.UdemySelenium_SeleniumGrid.SeleniumGrid">
        <test-method status="PASS" signature="Grid()[pri:0, instance:SeleniumGrid.UdemySelenium_SeleniumGrid.SeleniumGrid@2833cc44]" name="Grid" duration-ms="72148" started-at="2022-11-18T19:41:59 IST" finished-at="2022-11-18T19:43:11 IST">
          <reporter-output>
          </reporter-output>
        </test-method> <!-- Grid -->
      </class> <!-- SeleniumGrid.UdemySelenium_SeleniumGrid.SeleniumGrid -->
    </test> <!-- Default test -->
  </suite> <!-- Default suite -->
</testng-results>
